<?xml version="1.0" encoding="UTF-8"?>
<!-- Generated by org.testng.reporters.JUnitReportReporter -->
<testsuite skipped="0" hostname="Rohans-MBP-2.attlocal.net" name="com.mobileTesting.LaunchApp" tests="1" failures="0" timestamp="2020-05-28T16:53:11 PDT" time="15.619" errors="0">
  <testcase name="TC_01_Sum" time="15.619" classname="com.mobileTesting.LaunchApp"/>
  <system-out/>
</testsuite> <!-- com.mobileTesting.LaunchApp -->
